TN:
SF:src\app.ts
FNF:0
FNH:0
DA:1,0
DA:2,0
LF:2
LH:0
BRF:0
BRH:0
end_of_record
TN:
SF:src\auth\auth.controller.ts
FN:10,(anonymous_1)
FNF:1
FNH:0
FNDA:0,(anonymous_1)
DA:3,0
DA:4,0
DA:10,0
DA:11,0
DA:12,0
DA:14,0
DA:16,0
DA:17,0
DA:19,0
DA:21,0
DA:27,0
DA:33,0
DA:35,0
LF:13
LH:0
BRDA:16,0,0,0
BRDA:16,0,1,0
BRDA:37,1,0,0
BRDA:37,1,1,0
BRF:4
BRH:0
end_of_record
TN:
SF:src\auth\auth.repository.ts
FN:6,(anonymous_1)
FN:17,(anonymous_2)
FNF:2
FNH:2
FNDA:3,(anonymous_1)
FNDA:3,(anonymous_2)
DA:1,1
DA:3,1
DA:7,3
DA:8,3
DA:12,1
DA:13,1
DA:18,3
DA:19,3
DA:23,2
DA:24,1
DA:25,1
DA:29,1
DA:30,1
DA:35,1
LF:14
LH:14
BRDA:23,0,0,1
BRDA:23,0,1,1
BRDA:24,1,0,1
BRDA:24,1,1,0
BRF:4
BRH:3
end_of_record
TN:
SF:src\auth\auth.service.ts
FN:5,(anonymous_0)
FN:21,(anonymous_1)
FNF:2
FNH:2
FNDA:8,(anonymous_0)
FNDA:1,(anonymous_1)
DA:1,1
DA:2,1
DA:6,8
DA:9,8
DA:11,8
DA:21,8
DA:23,8
DA:25,1
DA:27,1
DA:29,1
DA:31,1
DA:34,4
DA:35,1
DA:36,1
DA:39,3
DA:41,3
DA:43,1
DA:47,1
LF:18
LH:18
BRDA:23,0,0,1
BRDA:23,0,1,1
BRDA:23,0,2,1
BRDA:23,0,3,1
BRDA:25,1,0,1
BRDA:25,1,1,0
BRDA:27,2,0,1
BRDA:27,2,1,0
BRDA:29,3,0,1
BRDA:29,3,1,0
BRDA:34,4,0,1
BRDA:34,4,1,3
BRDA:35,5,0,1
BRDA:35,5,1,0
BRDA:35,5,2,0
BRDA:35,5,3,0
BRDA:41,6,0,2
BRDA:41,6,1,1
BRF:18
BRH:12
end_of_record
TN:
SF:src\config\env.config.ts
FNF:0
FNH:0
DA:1,3
DA:2,3
DA:4,3
DA:5,3
DA:6,3
DA:7,3
LF:6
LH:6
BRDA:4,0,0,3
BRDA:4,0,1,0
BRDA:7,1,0,3
BRDA:7,1,1,3
BRF:4
BRH:3
end_of_record
TN:
SF:src\config\schemas.ts
FNF:0
FNH:0
DA:1,1
DA:3,1
DA:7,1
DA:13,1
LF:4
LH:4
BRF:0
BRH:0
end_of_record
TN:
SF:src\config\server.config.ts
FN:5,createApp
FN:11,(anonymous_2)
FNF:2
FNH:0
FNDA:0,createApp
FNDA:0,(anonymous_2)
DA:1,0
DA:2,0
DA:3,0
DA:5,0
DA:6,0
DA:8,0
DA:9,0
DA:11,0
DA:12,0
DA:15,0
LF:10
LH:0
BRF:0
BRH:0
end_of_record
TN:
SF:src\db\prisma.ts
FNF:0
FNH:0
DA:1,0
DA:2,0
DA:3,0
DA:4,0
DA:6,0
DA:10,0
DA:11,0
DA:13,0
LF:8
LH:0
BRF:0
BRH:0
end_of_record
TN:
SF:src\db\zod.schemas.ts
FN:28,(anonymous_0)
FN:29,(anonymous_1)
FN:32,(anonymous_2)
FNF:3
FNH:0
FNDA:0,(anonymous_0)
FNDA:0,(anonymous_1)
FNDA:0,(anonymous_2)
DA:1,1
DA:9,1
DA:11,1
DA:28,1
DA:29,0
DA:32,1
DA:33,0
DA:34,0
DA:35,0
DA:44,1
DA:67,1
DA:79,1
DA:92,1
DA:104,1
DA:125,1
DA:145,1
DA:170,1
DA:192,1
LF:18
LH:14
BRDA:29,0,0,0
BRDA:29,0,1,0
BRDA:33,1,0,0
BRDA:33,1,1,0
BRDA:33,2,0,0
BRDA:33,2,1,0
BRDA:35,3,0,0
BRDA:35,3,1,0
BRF:8
BRH:0
end_of_record
TN:
SF:src\db\zod.validators.ts
FN:19,safeParse
FN:37,(anonymous_1)
FN:51,(anonymous_2)
FN:60,(anonymous_3)
FN:69,(anonymous_4)
FN:72,(anonymous_5)
FN:81,(anonymous_6)
FN:90,(anonymous_7)
FN:93,(anonymous_8)
FN:102,(anonymous_9)
FN:105,(anonymous_10)
FN:114,(anonymous_11)
FN:117,(anonymous_12)
FNF:13
FNH:0
FNDA:0,safeParse
FNDA:0,(anonymous_1)
FNDA:0,(anonymous_2)
FNDA:0,(anonymous_3)
FNDA:0,(anonymous_4)
FNDA:0,(anonymous_5)
FNDA:0,(anonymous_6)
FNDA:0,(anonymous_7)
FNDA:0,(anonymous_8)
FNDA:0,(anonymous_9)
FNDA:0,(anonymous_10)
FNDA:0,(anonymous_11)
FNDA:0,(anonymous_12)
DA:1,0
DA:2,0
DA:20,0
DA:22,0
DA:23,0
DA:28,0
DA:37,0
DA:38,0
DA:43,0
DA:51,0
DA:52,0
DA:60,0
DA:61,0
DA:69,0
DA:70,0
DA:72,0
DA:73,0
DA:81,0
DA:82,0
DA:90,0
DA:91,0
DA:93,0
DA:94,0
DA:102,0
DA:103,0
DA:105,0
DA:106,0
DA:114,0
DA:115,0
DA:117,0
DA:118,0
LF:31
LH:0
BRDA:22,0,0,0
BRDA:22,0,1,0
BRF:2
BRH:0
end_of_record
TN:
SF:src\routes\routes.ts
FN:15,(anonymous_0)
FNF:1
FNH:0
FNDA:0,(anonymous_0)
DA:1,0
DA:2,0
DA:3,0
DA:4,0
DA:6,0
DA:8,0
DA:9,0
DA:11,0
DA:12,0
DA:13,0
DA:15,0
DA:17,0
LF:12
LH:0
BRF:0
BRH:0
end_of_record
TN:
SF:src\schedule\orioks.repository.ts
FN:17,saveStudent
FN:53,saveSemesterInfo
FN:71,saveTimetable
FN:75,(anonymous_3)
FN:89,saveDisciplines
FN:93,(anonymous_5)
FN:113,saveEvents
FN:117,(anonymous_7)
FN:135,getScheduleByDate
FN:168,getEventsByDate
FN:186,getWeekNumber
FNF:11
FNH:0
FNDA:0,saveStudent
FNDA:0,saveSemesterInfo
FNDA:0,saveTimetable
FNDA:0,(anonymous_3)
FNDA:0,saveDisciplines
FNDA:0,(anonymous_5)
FNDA:0,saveEvents
FNDA:0,(anonymous_7)
FNDA:0,getScheduleByDate
FNDA:0,getEventsByDate
FNDA:0,getWeekNumber
DA:1,0
DA:2,0
DA:10,0
DA:17,0
DA:18,0
DA:20,0
DA:53,0
DA:54,0
DA:56,0
DA:71,0
DA:72,0
DA:74,0
DA:75,0
DA:89,0
DA:90,0
DA:92,0
DA:93,0
DA:113,0
DA:114,0
DA:116,0
DA:117,0
DA:135,0
DA:136,0
DA:146,0
DA:148,0
DA:149,0
DA:152,0
DA:168,0
DA:169,0
DA:171,0
DA:187,0
DA:188,0
DA:189,0
LF:33
LH:0
BRDA:58,0,0,0
BRDA:58,0,1,0
BRDA:59,1,0,0
BRDA:59,1,1,0
BRDA:60,2,0,0
BRDA:60,2,1,0
BRDA:61,3,0,0
BRDA:61,3,1,0
BRDA:97,4,0,0
BRDA:97,4,1,0
BRDA:98,5,0,0
BRDA:98,5,1,0
BRDA:100,6,0,0
BRDA:100,6,1,0
BRDA:118,7,0,0
BRDA:118,7,1,0
BRDA:119,8,0,0
BRDA:119,8,1,0
BRDA:122,9,0,0
BRDA:122,9,1,0
BRDA:148,10,0,0
BRDA:148,10,1,0
BRF:22
BRH:0
end_of_record
TN:
SF:src\schedule\orioks.service.ts
FN:83,(anonymous_0)
FN:100,(anonymous_1)
FN:118,(anonymous_2)
FN:132,(anonymous_3)
FN:146,(anonymous_4)
FN:160,(anonymous_5)
FN:174,(anonymous_6)
FN:189,(anonymous_7)
FN:208,(anonymous_8)
FN:222,(anonymous_9)
FNF:10
FNH:9
FNDA:32,(anonymous_0)
FNDA:0,(anonymous_1)
FNDA:7,(anonymous_2)
FNDA:5,(anonymous_3)
FNDA:4,(anonymous_4)
FNDA:4,(anonymous_5)
FNDA:1,(anonymous_6)
FNDA:1,(anonymous_7)
FNDA:5,(anonymous_8)
FNDA:5,(anonymous_9)
DA:1,3
DA:74,3
DA:87,32
DA:100,32
DA:102,32
DA:103,7
DA:110,25
DA:121,7
DA:135,5
DA:149,4
DA:163,4
DA:178,1
DA:195,1
DA:211,5
DA:226,5
DA:233,3
LF:16
LH:16
BRDA:102,0,0,7
BRDA:102,0,1,25
BRDA:104,1,0,7
BRDA:104,1,1,0
BRDA:104,1,2,0
BRF:5
BRH:3
end_of_record
TN:
SF:src\tasks\task.controller.ts
FN:12,(anonymous_1)
FN:31,(anonymous_2)
FN:52,(anonymous_3)
FN:65,(anonymous_4)
FN:77,(anonymous_5)
FN:108,(anonymous_6)
FNF:6
FNH:0
FNDA:0,(anonymous_1)
FNDA:0,(anonymous_2)
FNDA:0,(anonymous_3)
FNDA:0,(anonymous_4)
FNDA:0,(anonymous_5)
FNDA:0,(anonymous_6)
DA:2,0
DA:3,0
DA:12,0
DA:16,0
DA:17,0
DA:19,0
DA:20,0
DA:23,0
DA:25,0
DA:27,0
DA:31,0
DA:32,0
DA:33,0
DA:35,0
DA:36,0
DA:39,0
DA:46,0
DA:48,0
DA:52,0
DA:56,0
DA:57,0
DA:58,0
DA:60,0
DA:61,0
DA:64,0
DA:65,0
DA:67,0
DA:68,0
DA:71,0
DA:73,0
DA:77,0
DA:81,0
DA:82,0
DA:83,0
DA:84,0
DA:86,0
DA:87,0
DA:90,0
DA:92,0
DA:93,0
DA:96,0
DA:97,0
DA:100,0
DA:102,0
DA:104,0
DA:108,0
DA:112,0
DA:113,0
DA:114,0
DA:115,0
DA:117,0
DA:118,0
DA:121,0
DA:123,0
DA:124,0
DA:127,0
DA:128,0
DA:131,0
DA:133,0
DA:135,0
LF:60
LH:0
BRDA:19,0,0,0
BRDA:19,0,1,0
BRDA:19,1,0,0
BRDA:19,1,1,0
BRDA:35,2,0,0
BRDA:35,2,1,0
BRDA:35,3,0,0
BRDA:35,3,1,0
BRDA:35,3,2,0
BRDA:60,4,0,0
BRDA:60,4,1,0
BRDA:60,5,0,0
BRDA:60,5,1,0
BRDA:67,6,0,0
BRDA:67,6,1,0
BRDA:86,7,0,0
BRDA:86,7,1,0
BRDA:86,8,0,0
BRDA:86,8,1,0
BRDA:92,9,0,0
BRDA:92,9,1,0
BRDA:96,10,0,0
BRDA:96,10,1,0
BRDA:117,11,0,0
BRDA:117,11,1,0
BRDA:117,12,0,0
BRDA:117,12,1,0
BRDA:123,13,0,0
BRDA:123,13,1,0
BRDA:127,14,0,0
BRDA:127,14,1,0
BRF:31
BRH:0
end_of_record
TN:
SF:src\tasks\task.repository.ts
FN:6,toTaskDto
FN:25,(anonymous_2)
FN:30,(anonymous_3)
FN:40,(anonymous_4)
FN:57,(anonymous_5)
FN:69,(anonymous_6)
FNF:6
FNH:6
FNDA:6,toTaskDto
FNDA:1,(anonymous_2)
FNDA:2,(anonymous_3)
FNDA:2,(anonymous_4)
FNDA:1,(anonymous_5)
FNDA:2,(anonymous_6)
DA:1,1
DA:14,6
DA:26,1
DA:31,2
DA:35,2
DA:37,1
DA:41,2
DA:54,2
DA:61,1
DA:66,1
DA:70,2
DA:73,2
DA:75,2
DA:77,1
DA:81,1
DA:85,1
LF:16
LH:16
BRDA:20,0,0,6
BRDA:20,0,1,0
BRDA:35,1,0,1
BRDA:35,1,1,1
BRDA:75,2,0,1
BRDA:75,2,1,1
BRF:6
BRH:5
end_of_record
TN:
SF:src\utils\controller.helpers.ts
FN:3,badRequest
FN:10,notFound
FN:17,serverError
FN:26,ok
FN:33,created
FN:40,parseId
FNF:6
FNH:0
FNDA:0,badRequest
FNDA:0,notFound
FNDA:0,serverError
FNDA:0,ok
FNDA:0,created
FNDA:0,parseId
DA:3,0
DA:4,0
DA:10,0
DA:11,0
DA:17,0
DA:18,0
DA:20,0
DA:26,0
DA:27,0
DA:33,0
DA:34,0
DA:40,0
DA:41,0
DA:42,0
LF:14
LH:0
BRDA:22,0,0,0
BRDA:22,0,1,0
BRDA:42,1,0,0
BRDA:42,1,1,0
BRF:4
BRH:0
end_of_record
TN:
SF:src\utils\getWeekType.ts
FN:16,parseDate
FN:21,toMonday
FN:39,getAcademicWeekInfo
FNF:3
FNH:0
FNDA:0,parseDate
FNDA:0,toMonday
FNDA:0,getAcademicWeekInfo
DA:9,0
DA:17,0
DA:18,0
DA:22,0
DA:23,0
DA:25,0
DA:27,0
DA:28,0
DA:30,0
DA:39,0
DA:43,0
DA:45,0
DA:46,0
DA:48,0
DA:50,0
DA:54,0
DA:56,0
DA:58,0
LF:18
LH:0
BRDA:17,0,0,0
BRDA:17,0,1,0
BRDA:25,1,0,0
BRDA:25,1,1,0
BRDA:41,2,0,0
BRF:5
BRH:0
end_of_record
